#
# There is insufficient memory for the Java Runtime Environment to continue.
# Native memory allocation (mmap) failed to map 65011712 bytes for G1 virtual space
# Possible reasons:
#   The system is out of physical RAM or swap space
#   The process is running with CompressedOops enabled, and the Java Heap may be blocking the growth of the native heap
# Possible solutions:
#   Reduce memory load on the system
#   Increase physical memory or swap space
#   Check if swap backing store is full
#   Decrease Java heap size (-Xmx/-Xms)
#   Decrease number of Java threads
#   Decrease Java thread stack sizes (-Xss)
#   Set larger code cache with -XX:ReservedCodeCacheSize=
#   JVM is running with Unscaled Compressed Oops mode in which the Java heap is
#     placed in the first 4GB address space. The Java Heap base address is the
#     maximum limit for the native heap growth. Please use -XX:HeapBaseMinAddress
#     to set the Java Heap base and to place the Java Heap above 4GB virtual address.
# This output file may be truncated or incomplete.
#
#  Out of Memory Error (os_windows.cpp:3532), pid=37616, tid=40580
#
# JRE version:  (17.0.2+8) (build )
# Java VM: OpenJDK 64-Bit Server VM (17.0.2+8-LTS, mixed mode, sharing, tiered, compressed oops, compressed class ptrs, g1 gc, windows-amd64)
# No core dump will be written. Minidumps are not enabled by default on client versions of Windows
#

---------------  S U M M A R Y ------------

Command Line: -Dfile.encoding=UTF-8 --module-path=C:\java-libs\mysql-connector-j-8.1.0\mysql-connector-j-8.1.0\mysql-connector-j-8.1.0.jar -XX:+ShowCodeDetailsInExceptionMessages br.com.projeto.view.FrmFederacao

Host: Intel(R) Core(TM) i3-10110U CPU @ 2.10GHz, 4 cores, 3G,  Windows 11 , 64 bit Build 22621 (10.0.22621.2506)
Time: Sun Dec 24 11:52:58 2023 Hora oficial do Brasil elapsed time: 0.178882 seconds (0d 0h 0m 0s)

---------------  T H R E A D  ---------------

Current thread (0x000002120afa9b80):  JavaThread "Unknown thread" [_thread_in_vm, id=40580, stack(0x0000002d01800000,0x0000002d01900000)]

Stack: [0x0000002d01800000,0x0000002d01900000]
Native frames: (J=compiled Java code, j=interpreted, Vv=VM code, C=native code)
V  [jvm.dll+0x6769fa]
V  [jvm.dll+0x831784]
V  [jvm.dll+0x832f2e]
V  [jvm.dll+0x833593]
V  [jvm.dll+0x2455e5]
V  [jvm.dll+0x673919]
V  [jvm.dll+0x668252]
V  [jvm.dll+0x30432b]
V  [jvm.dll+0x30b836]
V  [jvm.dll+0x35b5fe]
V  [jvm.dll+0x35b82f]
V  [jvm.dll+0x2db2d8]
V  [jvm.dll+0x2dc244]
V  [jvm.dll+0x803011]
V  [jvm.dll+0x369381]
V  [jvm.dll+0x7e238c]
V  [jvm.dll+0x3ec14f]
V  [jvm.dll+0x3edcd1]
C  [jli.dll+0x527b]
C  [ucrtbase.dll+0x29363]
C  [KERNEL32.DLL+0x1257d]
C  [ntdll.dll+0x5aa58]


---------------  P R O C E S S  ---------------

Threads class SMR info:
_java_thread_list=0x00007ff86d97eed8, length=0, elements={
}

Java Threads: ( => current thread )

Other Threads:
  0x000002120afd6930 GCTaskThread "GC Thread#0" [stack: 0x0000002d01900000,0x0000002d01a00000] [id=28928]
  0x000002120afdfb10 ConcurrentGCThread "G1 Main Marker" [stack: 0x0000002d01a00000,0x0000002d01b00000] [id=15020]
  0x000002120afe2540 ConcurrentGCThread "G1 Conc#0" [stack: 0x0000002d01b00000,0x0000002d01c00000] [id=26544]

[error occurred during error reporting (printing all threads), id 0xc0000005, EXCEPTION_ACCESS_VIOLATION (0xc0000005) at pc=0x00007ff86d13bd07]

VM state: not at safepoint (not fully initialized)

VM Mutex/Monitor currently owned by a thread:  ([mutex/lock_event])
[0x000002120afa4b60] Heap_lock - owner thread: 0x000002120afa9b80

Heap address: 0x00000000c2800000, size: 984 MB, Compressed Oops mode: 32-bit

CDS archive(s) mapped at: [0x0000000000000000-0x0000000000000000-0x0000000000000000), size 0, SharedBaseAddress: 0x0000000800000000, ArchiveRelocationMode: 0.
Narrow klass base: 0x0000000000000000, Narrow klass shift: 0, Narrow klass range: 0x0

GC Precious Log:
<Empty>

Heap:
 garbage-first heap   total 0K, used 0K [0x00000000c2800000, 0x0000000100000000)
  region size 1024K, 0 young (0K), 0 survivors (0K)

[error occurred during error reporting (printing heap information), id 0xc0000005, EXCEPTION_ACCESS_VIOLATION (0xc0000005) at pc=0x00007ff86d51fd49]

GC Heap History (0 events):
No events

Deoptimization events (0 events):
No events

Classes unloaded (0 events):
No events

Classes redefined (0 events):
No events

Internal exceptions (0 events):
No events

VM Operations (0 events):
No events

Events (1 events):
Event: 0.105 Loaded shared library C:\Program Files\Zulu\zulu-17\bin\java.dll


Dynamic libraries:
0x00007ff7ded00000 - 0x00007ff7ded0e000 	C:\Program Files\Zulu\zulu-17\bin\javaw.exe
0x00007ff8f04f0000 - 0x00007ff8f0707000 	C:\WINDOWS\SYSTEM32\ntdll.dll
0x00007ff8ee690000 - 0x00007ff8ee754000 	C:\WINDOWS\System32\KERNEL32.DLL
0x00007ff8edd60000 - 0x00007ff8ee106000 	C:\WINDOWS\System32\KERNELBASE.dll
0x00007ff8edb70000 - 0x00007ff8edc81000 	C:\WINDOWS\System32\ucrtbase.dll
0x00007ff8d1640000 - 0x00007ff8d165b000 	C:\Program Files\Zulu\zulu-17\bin\VCRUNTIME140.dll
0x00007ff8dede0000 - 0x00007ff8dedf8000 	C:\Program Files\Zulu\zulu-17\bin\jli.dll
0x00007ff8ef0c0000 - 0x00007ff8ef26e000 	C:\WINDOWS\System32\USER32.dll
0x00007ff8d2690000 - 0x00007ff8d2923000 	C:\WINDOWS\WinSxS\amd64_microsoft.windows.common-controls_6595b64144ccf1df_6.0.22621.2506_none_270c5ae97388e100\COMCTL32.dll
0x00007ff8edc90000 - 0x00007ff8edcb6000 	C:\WINDOWS\System32\win32u.dll
0x00007ff8ef710000 - 0x00007ff8ef739000 	C:\WINDOWS\System32\GDI32.dll
0x00007ff8ef960000 - 0x00007ff8efa07000 	C:\WINDOWS\System32\msvcrt.dll
0x00007ff8eda50000 - 0x00007ff8edb68000 	C:\WINDOWS\System32\gdi32full.dll
0x00007ff8edcc0000 - 0x00007ff8edd5a000 	C:\WINDOWS\System32\msvcp_win.dll
0x00007ff8efac0000 - 0x00007ff8efaf1000 	C:\WINDOWS\System32\IMM32.DLL
0x00007ff8ea960000 - 0x00007ff8ea96c000 	C:\Program Files\Zulu\zulu-17\bin\vcruntime140_1.dll
0x00007ff8ab700000 - 0x00007ff8ab78d000 	C:\Program Files\Zulu\zulu-17\bin\msvcp140.dll
0x00007ff86ce50000 - 0x00007ff86dab0000 	C:\Program Files\Zulu\zulu-17\bin\server\jvm.dll
0x00007ff8ee240000 - 0x00007ff8ee2f1000 	C:\WINDOWS\System32\ADVAPI32.dll
0x00007ff8efa10000 - 0x00007ff8efab5000 	C:\WINDOWS\System32\sechost.dll
0x00007ff8ee760000 - 0x00007ff8ee877000 	C:\WINDOWS\System32\RPCRT4.dll
0x00007ff8ef0b0000 - 0x00007ff8ef0b8000 	C:\WINDOWS\System32\PSAPI.DLL
0x00007ff8e2b20000 - 0x00007ff8e2b2a000 	C:\WINDOWS\SYSTEM32\VERSION.dll
0x00007ff8e8bf0000 - 0x00007ff8e8bf9000 	C:\WINDOWS\SYSTEM32\WSOCK32.dll
0x00007ff8e2f00000 - 0x00007ff8e2f34000 	C:\WINDOWS\SYSTEM32\WINMM.dll
0x00007ff8ef030000 - 0x00007ff8ef0a1000 	C:\WINDOWS\System32\WS2_32.dll
0x00007ff8ec830000 - 0x00007ff8ec848000 	C:\WINDOWS\SYSTEM32\kernel.appcore.dll
0x00007ff8e8bc0000 - 0x00007ff8e8bca000 	C:\Program Files\Zulu\zulu-17\bin\jimage.dll
0x00007ff8ddfa0000 - 0x00007ff8de1d3000 	C:\WINDOWS\SYSTEM32\DBGHELP.DLL
0x00007ff8ee300000 - 0x00007ff8ee689000 	C:\WINDOWS\System32\combase.dll
0x00007ff8eeea0000 - 0x00007ff8eef77000 	C:\WINDOWS\System32\OLEAUT32.dll
0x00007ff8be830000 - 0x00007ff8be862000 	C:\WINDOWS\SYSTEM32\dbgcore.DLL
0x00007ff8ed9d0000 - 0x00007ff8eda4a000 	C:\WINDOWS\System32\bcryptPrimitives.dll
0x00007ff8c2b60000 - 0x00007ff8c2b85000 	C:\Program Files\Zulu\zulu-17\bin\java.dll

dbghelp: loaded successfully - version: 4.0.5 - missing functions: none
symbol engine: initialized successfully - sym options: 0x614 - pdb path: .;C:\Program Files\Zulu\zulu-17\bin;C:\WINDOWS\SYSTEM32;C:\WINDOWS\WinSxS\amd64_microsoft.windows.common-controls_6595b64144ccf1df_6.0.22621.2506_none_270c5ae97388e100;C:\Program Files\Zulu\zulu-17\bin\server

VM Arguments:
jvm_args: -Dfile.encoding=UTF-8 --module-path=C:\java-libs\mysql-connector-j-8.1.0\mysql-connector-j-8.1.0\mysql-connector-j-8.1.0.jar -XX:+ShowCodeDetailsInExceptionMessages 
java_command: br.com.projeto.view.FrmFederacao
java_class_path (initial): C:\Projetos\Java\Java SE\projeto robson\Projeto Ryu Kumite\bin;C:\Projetos\Java\Java SE\projeto robson\Projeto Ryu Kumite\miglayout15-swing.jar
Launcher Type: SUN_STANDARD

[Global flags]
     intx CICompilerCount                          = 3                                         {product} {ergonomic}
     uint ConcGCThreads                            = 1                                         {product} {ergonomic}
     uint G1ConcRefinementThreads                  = 4                                         {product} {ergonomic}
   size_t G1HeapRegionSize                         = 1048576                                   {product} {ergonomic}
    uintx GCDrainStackTargetSize                   = 64                                        {product} {ergonomic}
   size_t InitialHeapSize                          = 65011712                                  {product} {ergonomic}
   size_t MarkStackSize                            = 4194304                                   {product} {ergonomic}
   size_t MaxHeapSize                              = 1031798784                                {product} {ergonomic}
   size_t MinHeapDeltaBytes                        = 1048576                                   {product} {ergonomic}
   size_t MinHeapSize                              = 8388608                                   {product} {ergonomic}
    uintx NonNMethodCodeHeapSize                   = 5832780                                {pd product} {ergonomic}
    uintx NonProfiledCodeHeapSize                  = 122912730                              {pd product} {ergonomic}
    uintx ProfiledCodeHeapSize                     = 122912730                              {pd product} {ergonomic}
    uintx ReservedCodeCacheSize                    = 251658240                              {pd product} {ergonomic}
     bool SegmentedCodeCache                       = true                                      {product} {ergonomic}
     bool ShowCodeDetailsInExceptionMessages       = true                                   {manageable} {command line}
   size_t SoftMaxHeapSize                          = 1031798784                             {manageable} {ergonomic}
     bool UseCompressedClassPointers               = true                           {product lp64_product} {ergonomic}
     bool UseCompressedOops                        = true                           {product lp64_product} {ergonomic}
     bool UseG1GC                                  = true                                      {product} {ergonomic}
     bool UseLargePagesIndividualAllocation        = false                                  {pd product} {ergonomic}

Logging:
Log output configuration:
 #0: stdout all=warning uptime,level,tags
 #1: stderr all=off uptime,level,tags

Environment Variables:
JAVA_HOME=C:\Program Files\Java\jdk-17
CLASSPATH=C:\Program Files\Java\jdk-17/lib
PATH=C:/Program Files/Java/jdk-17/bin/server;C:/Program Files/Java/jdk-17/bin;C:\Program Files\Java\jdk-17\bin;C:\Program Files\Common Files\Oracle\Java\javapath;C:\Program Files (x86)\Common Files\Oracle\Java\javapath;C:\Python310\Scripts\;C:\Python310\;C:\Program Files\Zulu\zulu-17\bin\;C:\WINDOWS\system32;C:\WINDOWS;C:\WINDOWS\System32\Wbem;C:\WINDOWS\System32\WindowsPowerShell\v1.0\;C:\WINDOWS\System32\OpenSSH\;C:\Program Files\nodejs\;C:\ProgramData\chocolatey\bin;C:\Program Files\dotnet\;C:\Users\robrf\AppData\Roaming\CertiPluginCorpIE-NG;C:\Program Files\Git\cmd;C:\Program Files\PowerShell\7\;C:\Program Files\MySQL\MySQL Shell 8.0\bin\;C:\Users\robrf\AppData\Local\Microsoft\WindowsApps;C:\Program Files\heroku\bin;C:\Users\robrf\AppData\Roaming\npm;C:\Users\robrf\AppData\Local\Programs\Microsoft VS Code\bin;;C:\Users\robrf\eclipse\java-2023-06\eclipse;
USERNAME=robrf
OS=Windows_NT
PROCESSOR_IDENTIFIER=Intel64 Family 6 Model 142 Stepping 12, GenuineIntel



---------------  S Y S T E M  ---------------

OS:
 Windows 11 , 64 bit Build 22621 (10.0.22621.2506)
OS uptime: 3 days 15:31 hours
Hyper-V role detected

CPU: total 4 (initial active 4) (2 cores per cpu, 2 threads per core) family 6 model 142 stepping 12 microcode 0xf4, cx8, cmov, fxsr, ht, mmx, 3dnowpref, sse, sse2, sse3, ssse3, sse4.1, sse4.2, popcnt, lzcnt, tsc, tscinvbit, avx, avx2, aes, erms, clmul, bmi1, bmi2, adx, fma, vzeroupper, clflush, clflushopt, hv

Memory: 4k page, system-wide physical 3930M (167M free)
TotalPageFile size 16218M (AvailPageFile size 37M)
current process WorkingSet (physical memory assigned to process): 10M, peak: 10M
current process commit charge ("private bytes"): 51M, peak: 113M

vm_info: OpenJDK 64-Bit Server VM (17.0.2+8-LTS) for windows-amd64 JRE (17.0.2+8-LTS) (Zulu17.32+13-CA), built on Jan  8 2022 13:06:16 by "zulu_re" with MS VC++ 16.10 / 16.11 (VS2019)

END.
